#
# There is insufficient memory for the Java Runtime Environment to continue.
# Native memory allocation (mmap) failed to map 100663296 bytes for Failed to commit area from 0x00000000a1800000 to 0x00000000a7800000 of length 100663296.
# Possible reasons:
#   The system is out of physical RAM or swap space
#   The process is running with CompressedOops enabled, and the Java Heap may be blocking the growth of the native heap
# Possible solutions:
#   Reduce memory load on the system
#   Increase physical memory or swap space
#   Check if swap backing store is full
#   Decrease Java heap size (-Xmx/-Xms)
#   Decrease number of Java threads
#   Decrease Java thread stack sizes (-Xss)
#   Set larger code cache with -XX:ReservedCodeCacheSize=
# This output file may be truncated or incomplete.
#
#  Out of Memory Error (./src/hotspot/os/windows/os_windows.cpp:3303), pid=4180, tid=5244
#
# JRE version:  (11.0.9.1+11) (build )
# Java VM: OpenJDK 64-Bit Server VM (11.0.9.1+11-b1145.63, mixed mode, sharing, tiered, compressed oops, g1 gc, windows-amd64)
# No core dump will be written. Minidumps are not enabled by default on client versions of Windows
#

---------------  S U M M A R Y ------------

Command Line: org.jetbrains.git4idea.http.GitAskPassApp Username for 'https://github.com': 

Host: Intel(R) Core(TM) i3-3110M CPU @ 2.40GHz, 4 cores, 5G,  Windows 7 , 64 bit Build 7601 (6.1.7601.24557)
Time: Thu Feb 11 19:15:17 2021  elapsed time: 0.018005 seconds (0d 0h 0m 0s)

---------------  T H R E A D  ---------------

Current thread (0x0000000000131000):  JavaThread "Unknown thread" [_thread_in_vm, id=5244, stack(0x0000000002340000,0x0000000002440000)]

Stack: [0x0000000002340000,0x0000000002440000]
Native frames: (J=compiled Java code, j=interpreted, Vv=VM code, C=native code)
V  [jvm.dll+0x5edd9a]
V  [jvm.dll+0x7229c5]
V  [jvm.dll+0x723f1d]
V  [jvm.dll+0x7245d3]
V  [jvm.dll+0x2431b8]
V  [jvm.dll+0x5eb234]
V  [jvm.dll+0x5e0325]
V  [jvm.dll+0x2fe60b]
V  [jvm.dll+0x2fe57a]
V  [jvm.dll+0x2fe452]
V  [jvm.dll+0x303346]
V  [jvm.dll+0x34ba83]
V  [jvm.dll+0x34c186]
V  [jvm.dll+0x34bb83]
V  [jvm.dll+0x2d9218]
V  [jvm.dll+0x2da3c7]
V  [jvm.dll+0x701a67]
V  [jvm.dll+0x70325c]
V  [jvm.dll+0x359049]
V  [jvm.dll+0x6e552e]
V  [jvm.dll+0x3c1353]
V  [jvm.dll+0x3c3571]
C  [jli.dll+0x5373]
C  [ucrtbase.DLL+0x1f4a0]
C  [kernel32.dll+0x155dd]
C  [ntdll.dll+0x52b1d]


---------------  P R O C E S S  ---------------

Threads class SMR info:
_java_thread_list=0x0000000000117870, length=0, elements={
}

Java Threads: ( => current thread )

Other Threads:
  0x000000000015d800 GCTaskThread "GC Thread#0" [stack: 0x0000000015510000,0x0000000015610000] [id=4652]
  0x0000000000181800 ConcurrentGCThread "G1 Main Marker" [stack: 0x0000000019300000,0x0000000019400000] [id=1392]
  0x0000000000183800 ConcurrentGCThread "G1 Conc#0" [stack: 0x00000000194d0000,0x00000000195d0000] [id=5220]

[error occurred during error reporting (printing all threads), id 0xc0000005, EXCEPTION_ACCESS_VIOLATION (0xc0000005) at pc=0x000007fee2999807]

VM state:not at safepoint (not fully initialized)

VM Mutex/Monitor currently owned by a thread:  ([mutex/lock_event])
[0x0000000000142470] Heap_lock - owner thread: 0x0000000000131000

Heap address: 0x00000000a1800000, size: 1512 MB, Compressed Oops mode: Non-zero based: 0x00000000a1800000
Narrow klass base: 0x0000000000000000, Narrow klass shift: 0

GC Heap History (0 events):
No events

Deoptimization events (0 events):
No events

Classes redefined (0 events):
No events

Internal exceptions (0 events):
No events

Events (1 events):
Event: 0.011 Loaded shared library C:\Program Files\JetBrains\IntelliJ IDEA 2020.3.1\jbr\bin\zip.dll


Dynamic libraries:
0x000000013fed0000 - 0x000000013feda000 	C:\Program Files\JetBrains\IntelliJ IDEA 2020.3.1\jbr\bin\java.exe
0x0000000077810000 - 0x00000000779af000 	C:\Windows\SYSTEM32\ntdll.dll
0x00000000776f0000 - 0x0000000077810000 	C:\Windows\system32\kernel32.dll
0x000007fefd620000 - 0x000007fefd687000 	C:\Windows\system32\KERNELBASE.dll
0x000007fef9cb0000 - 0x000007fef9cc9000 	C:\Program Files\JetBrains\IntelliJ IDEA 2020.3.1\jbr\bin\jli.dll
0x000007fefb7d0000 - 0x000007fefb9c5000 	C:\Windows\WinSxS\amd64_microsoft.windows.common-controls_6595b64144ccf1df_6.0.7601.24483_none_e372d88f30fbb845\COMCTL32.dll
0x000007fefebc0000 - 0x000007fefec5f000 	C:\Windows\system32\msvcrt.dll
0x000007fefdb50000 - 0x000007fefdbb7000 	C:\Windows\system32\GDI32.dll
0x00000000775f0000 - 0x00000000776eb000 	C:\Windows\system32\USER32.dll
0x000007feffad0000 - 0x000007feffade000 	C:\Windows\system32\LPK.dll
0x000007fefdd90000 - 0x000007fefde5b000 	C:\Windows\system32\USP10.dll
0x000007fefec60000 - 0x000007fefecd1000 	C:\Windows\system32\SHLWAPI.dll
0x000007fef9d50000 - 0x000007fef9d67000 	C:\Program Files\JetBrains\IntelliJ IDEA 2020.3.1\jbr\bin\VCRUNTIME140.dll
0x000007fef8960000 - 0x000007fef8964000 	C:\Windows\system32\api-ms-win-crt-runtime-l1-1-0.dll
0x000007fef8860000 - 0x000007fef8954000 	C:\Windows\system32\ucrtbase.DLL
0x000007fef8850000 - 0x000007fef8853000 	C:\Windows\system32\api-ms-win-core-timezone-l1-1-0.dll
0x000007fef8840000 - 0x000007fef8843000 	C:\Windows\system32\api-ms-win-core-file-l2-1-0.dll
0x000007fef8830000 - 0x000007fef8833000 	C:\Windows\system32\api-ms-win-core-localization-l1-2-0.dll
0x000007fefbe90000 - 0x000007fefbe93000 	C:\Windows\system32\api-ms-win-core-synch-l1-2-0.dll
0x000007fef8820000 - 0x000007fef8823000 	C:\Windows\system32\api-ms-win-core-processthreads-l1-1-1.dll
0x000007fef8810000 - 0x000007fef8813000 	C:\Windows\system32\api-ms-win-core-file-l1-2-0.dll
0x000007fef87f0000 - 0x000007fef87f4000 	C:\Windows\system32\api-ms-win-crt-string-l1-1-0.dll
0x000007fef8800000 - 0x000007fef8803000 	C:\Windows\system32\api-ms-win-crt-heap-l1-1-0.dll
0x000007fef87e0000 - 0x000007fef87e4000 	C:\Windows\system32\api-ms-win-crt-stdio-l1-1-0.dll
0x000007fef87d0000 - 0x000007fef87d4000 	C:\Windows\system32\api-ms-win-crt-convert-l1-1-0.dll
0x000007fef8780000 - 0x000007fef8783000 	C:\Windows\system32\api-ms-win-crt-environment-l1-1-0.dll
0x000007fef87a0000 - 0x000007fef87a3000 	C:\Windows\system32\api-ms-win-crt-filesystem-l1-1-0.dll
0x000007fef8770000 - 0x000007fef8775000 	C:\Windows\system32\api-ms-win-crt-math-l1-1-0.dll
0x000007fef87b0000 - 0x000007fef87b3000 	C:\Windows\system32\api-ms-win-crt-locale-l1-1-0.dll
0x000007fefd720000 - 0x000007fefd74e000 	C:\Windows\system32\IMM32.DLL
0x000007fefe1f0000 - 0x000007fefe2fb000 	C:\Windows\system32\MSCTF.dll
0x000007feeda10000 - 0x000007feedaad000 	C:\Program Files\JetBrains\IntelliJ IDEA 2020.3.1\jbr\bin\msvcp140.dll
0x000007fef8340000 - 0x000007fef8345000 	C:\Windows\system32\api-ms-win-crt-multibyte-l1-1-0.dll
0x000007fef8790000 - 0x000007fef8793000 	C:\Windows\system32\api-ms-win-crt-time-l1-1-0.dll
0x000007fef8760000 - 0x000007fef8763000 	C:\Windows\system32\api-ms-win-crt-utility-l1-1-0.dll
0x000007fee26b0000 - 0x000007fee317e000 	C:\Program Files\JetBrains\IntelliJ IDEA 2020.3.1\jbr\bin\server\jvm.dll
0x000007fefdcb0000 - 0x000007fefdd8b000 	C:\Windows\system32\ADVAPI32.dll
0x000007feffae0000 - 0x000007feffaff000 	C:\Windows\SYSTEM32\sechost.dll
0x000007fefd930000 - 0x000007fefda5c000 	C:\Windows\system32\RPCRT4.dll
0x000007fef40f0000 - 0x000007fef40f9000 	C:\Windows\system32\WSOCK32.dll
0x000007fefda60000 - 0x000007fefdaad000 	C:\Windows\system32\WS2_32.dll
0x000007fefdca0000 - 0x000007fefdca8000 	C:\Windows\system32\NSI.dll
0x000007fefa950000 - 0x000007fefa98b000 	C:\Windows\system32\WINMM.dll
0x000007fefc410000 - 0x000007fefc41c000 	C:\Windows\system32\VERSION.dll
0x00000000779b0000 - 0x00000000779b7000 	C:\Windows\system32\PSAPI.DLL
0x000007feebf50000 - 0x000007feebf61000 	C:\Program Files\JetBrains\IntelliJ IDEA 2020.3.1\jbr\bin\verify.dll
0x000007fefbea0000 - 0x000007fefbfc5000 	C:\Windows\system32\DBGHELP.DLL
0x000007fee6700000 - 0x000007fee6729000 	C:\Program Files\JetBrains\IntelliJ IDEA 2020.3.1\jbr\bin\java.dll
0x000007feed5a0000 - 0x000007feed5ab000 	C:\Program Files\JetBrains\IntelliJ IDEA 2020.3.1\jbr\bin\jimage.dll
0x000007feebf30000 - 0x000007feebf48000 	C:\Program Files\JetBrains\IntelliJ IDEA 2020.3.1\jbr\bin\zip.dll

dbghelp: loaded successfully - version: 4.0.5 - missing functions: none
symbol engine: initialized successfully - sym options: 0x614 - pdb path: .;C:\Program Files\JetBrains\IntelliJ IDEA 2020.3.1\jbr\bin;C:\Windows\SYSTEM32;C:\Windows\WinSxS\amd64_microsoft.windows.common-controls_6595b64144ccf1df_6.0.7601.24483_none_e372d88f30fbb845;C:\Program Files\JetBrains\IntelliJ IDEA 2020.3.1\jbr\bin\server

VM Arguments:
java_command: org.jetbrains.git4idea.http.GitAskPassApp Username for 'https://github.com': 
java_class_path (initial): C:/Program Files/JetBrains/IntelliJ IDEA 2020.3.1/plugins/git4idea/lib/git4idea-rt.jar;C:/Program Files/JetBrains/IntelliJ IDEA 2020.3.1/lib/xmlrpc-2.0.1.jar;C:/Program Files/JetBrains/IntelliJ IDEA 2020.3.1/lib/commons-codec-1.14.jar
Launcher Type: SUN_STANDARD

[Global flags]
     intx CICompilerCount                          = 3                                         {product} {ergonomic}
     uint ConcGCThreads                            = 1                                         {product} {ergonomic}
     uint G1ConcRefinementThreads                  = 4                                         {product} {ergonomic}
   size_t G1HeapRegionSize                         = 1048576                                   {product} {ergonomic}
    uintx GCDrainStackTargetSize                   = 64                                        {product} {ergonomic}
   size_t InitialHeapSize                          = 100663296                                 {product} {ergonomic}
   size_t MarkStackSize                            = 4194304                                   {product} {ergonomic}
   size_t MaxHeapSize                              = 1585446912                                {product} {ergonomic}
   size_t MinHeapDeltaBytes                        = 1048576                                   {product} {ergonomic}
    uintx NonNMethodCodeHeapSize                   = 5830732                                {pd product} {ergonomic}
    uintx NonProfiledCodeHeapSize                  = 122913754                              {pd product} {ergonomic}
    uintx ProfiledCodeHeapSize                     = 122913754                              {pd product} {ergonomic}
    uintx ReservedCodeCacheSize                    = 251658240                              {pd product} {ergonomic}
     bool SegmentedCodeCache                       = true                                      {product} {ergonomic}
     bool UseCompressedClassPointers               = true                                 {lp64_product} {ergonomic}
     bool UseCompressedOops                        = true                                 {lp64_product} {ergonomic}
     bool UseG1GC                                  = true                                      {product} {ergonomic}
     bool UseLargePagesIndividualAllocation        = false                                  {pd product} {ergonomic}

Logging:
Log output configuration:
 #0: stdout all=warning uptime,level,tags
 #1: stderr all=off uptime,level,tags

Environment Variables:
JAVA_HOME=C:\Program Files\Java\jdk1.8.0_251\bin
PATH=C:/Program Files/Git/mingw64/libexec/git-core;C:/Program Files/Git/mingw64/libexec/git-core;C:\Program Files\Git\mingw64\bin;C:\Program Files\Git\usr\bin;C:\Users\Metalolom\bin;C:\Program Files\Java\jdk1.8.0_251\bin;C:\Program Files\Git\cmd;C:\Program Files\MySQL\MySQL Shell 8.0\bin\
USERNAME=Metalolom
DISPLAY=:0.0
LC_ALL=en_US.UTF-8
OS=Windows_NT
PROCESSOR_IDENTIFIER=Intel64 Family 6 Model 58 Stepping 9, GenuineIntel



---------------  S Y S T E M  ---------------

OS: Windows 7 , 64 bit Build 7601 (6.1.7601.24557)
OS uptime: 0 days 1:14 hours

CPU:total 4 (initial active 4) (2 cores per cpu, 2 threads per core) family 6 model 58 stepping 9, cmov, cx8, fxsr, mmx, sse, sse2, sse3, ssse3, sse4.1, sse4.2, popcnt, avx, clmul, erms, ht, tsc, tscinvbit, tscinv

Memory: 4k page, system-wide physical 6044M (308M free)
TotalPageFile size 7992M (AvailPageFile size 104M)
current process WorkingSet (physical memory assigned to process): 10M, peak: 10M
current process commit charge ("private bytes"): 57M, peak: 151M

vm_info: OpenJDK 64-Bit Server VM (11.0.9.1+11-b1145.63) for windows-amd64 JRE (11.0.9.1+11-b1145.63), built on Dec 21 2020 13:58:54 by "" with MS VC++ 14.0 (VS2015)

END.
