#
# There is insufficient memory for the Java Runtime Environment to continue.
# Native memory allocation (malloc) failed to allocate 1048576 bytes for AllocateHeap
# Possible reasons:
#   The system is out of physical RAM or swap space
#   The process is running with CompressedOops enabled, and the Java Heap may be blocking the growth of the native heap
# Possible solutions:
#   Reduce memory load on the system
#   Increase physical memory or swap space
#   Check if swap backing store is full
#   Decrease Java heap size (-Xmx/-Xms)
#   Decrease number of Java threads
#   Decrease Java thread stack sizes (-Xss)
#   Set larger code cache with -XX:ReservedCodeCacheSize=
#   JVM is running with Unscaled Compressed Oops mode in which the Java heap is
#     placed in the first 4GB address space. The Java Heap base address is the
#     maximum limit for the native heap growth. Please use -XX:HeapBaseMinAddress
#     to set the Java Heap base and to place the Java Heap above 4GB virtual address.
# This output file may be truncated or incomplete.
#
#  Out of Memory Error (./src/hotspot/share/memory/allocation.cpp:46), pid=4804, tid=5204
#
# JRE version: OpenJDK Runtime Environment JBR-11.0.9.1.11-1145.63-jcef (11.0.9.1+11) (build 11.0.9.1+11-b1145.63)
# Java VM: OpenJDK 64-Bit Server VM JBR-11.0.9.1.11-1145.63-jcef (11.0.9.1+11-b1145.63, mixed mode, tiered, compressed oops, g1 gc, windows-amd64)
# No core dump will be written. Minidumps are not enabled by default on client versions of Windows
#

---------------  S U M M A R Y ------------

Command Line: -Djava.rmi.server.hostname=127.0.0.1 -Duser.timezone=UTC -Xmx755m -Xms128m -Dfile.encoding=UTF-8 com.intellij.database.remote.RemoteJdbcServer com.mysql.cj.jdbc.Driver

Host: Intel(R) Core(TM) i3-3110M CPU @ 2.40GHz, 4 cores, 5G,  Windows 7 , 64 bit Build 7601 (6.1.7601.24557)
Time: Thu Jan 28 19:52:18 2021  elapsed time: 21604.814162 seconds (0d 6h 0m 4s)

---------------  T H R E A D  ---------------

Current thread (0x0000000019c5a000):  VMThread "VM Thread" [stack: 0x000000005a950000,0x000000005aa50000] [id=5204]

Stack: [0x000000005a950000,0x000000005aa50000]
[error occurred during error reporting (printing stack bounds), id 0xc0000005, EXCEPTION_ACCESS_VIOLATION (0xc0000005) at pc=0x0000000006100dad]

Native frames: (J=compiled Java code, j=interpreted, Vv=VM code, C=native code)
V  [jvm.dll+0x5edd9a]
V  [jvm.dll+0x7229c5]
V  [jvm.dll+0x723f1d]
V  [jvm.dll+0x724535]
V  [jvm.dll+0x7244eb]
V  [jvm.dll+0x5ed1f8]
V  [jvm.dll+0x5ed988]
C  [ntdll.dll+0x6b41d]
C  [ntdll.dll+0x3f77a]
C  [ntdll.dll+0x6aabe]
C  0x0000000006100dad

VM_Operation (0x000000005d01ed80): G1CollectFull, mode: safepoint, requested by thread 0x000000005c175800


---------------  P R O C E S S  ---------------

Threads class SMR info:
_java_thread_list=0x000000005c163e20, length=17, elements={
0x0000000000115000, 0x0000000019c5f000, 0x000000005a876000, 0x000000005a882800,
0x000000005a885800, 0x000000005a889000, 0x000000005a8e2800, 0x000000005a8e8000,
0x000000005b782000, 0x000000005b7ce800, 0x000000005b824800, 0x000000005b817000,
0x000000005c16d800, 0x000000005c173000, 0x000000005c175800, 0x000000005c1a5800,
0x000000005c2c4800
}

Java Threads: ( => current thread )
  0x0000000000115000 JavaThread "main" [_thread_blocked, id=1212, stack(0x0000000002040000,0x0000000002140000)]
  0x0000000019c5f000 JavaThread "Reference Handler" daemon [_thread_blocked, id=5924, stack(0x000000005aa60000,0x000000005ab60000)]
  0x000000005a876000 JavaThread "Finalizer" daemon [_thread_blocked, id=6896, stack(0x000000005ac00000,0x000000005ad00000)]
  0x000000005a882800 JavaThread "Signal Dispatcher" daemon [_thread_blocked, id=3772, stack(0x000000005aeb0000,0x000000005afb0000)]
  0x000000005a885800 JavaThread "Attach Listener" daemon [_thread_blocked, id=8124, stack(0x000000005b050000,0x000000005b150000)]
  0x000000005a889000 JavaThread "C2 CompilerThread0" daemon [_thread_blocked, id=6304, stack(0x000000005b2f0000,0x000000005b3f0000)]
  0x000000005a8e2800 JavaThread "C1 CompilerThread0" daemon [_thread_blocked, id=4272, stack(0x000000005b420000,0x000000005b520000)]
  0x000000005a8e8000 JavaThread "Sweeper thread" daemon [_thread_blocked, id=6808, stack(0x000000005b5f0000,0x000000005b6f0000)]
  0x000000005b782000 JavaThread "Service Thread" daemon [_thread_blocked, id=5136, stack(0x000000005b150000,0x000000005b250000)]
  0x000000005b7ce800 JavaThread "Common-Cleaner" daemon [_thread_blocked, id=6396, stack(0x000000005bb20000,0x000000005bc20000)]
  0x000000005b824800 JavaThread "mysql-cj-abandoned-connection-cleanup" daemon [_thread_blocked, id=5596, stack(0x000000005c040000,0x000000005c140000)]
  0x000000005b817000 JavaThread "RMI TCP Accept-47588" daemon [_thread_in_native, id=2428, stack(0x000000005c9a0000,0x000000005caa0000)]
  0x000000005c16d800 JavaThread "RMI TCP Accept-0" daemon [_thread_in_native, id=4240, stack(0x000000005cc80000,0x000000005cd80000)]
  0x000000005c173000 JavaThread "RMI Reaper" [_thread_blocked, id=3872, stack(0x000000005cb50000,0x000000005cc50000)]
  0x000000005c175800 JavaThread "RMI GC Daemon" daemon [_thread_blocked, id=5124, stack(0x000000005cf20000,0x000000005d020000)]
  0x000000005c1a5800 JavaThread "RMI Scheduler(0)" daemon [_thread_blocked, id=7980, stack(0x000000005d450000,0x000000005d550000)]
  0x000000005c2c4800 JavaThread "RMI RenewClean-[127.0.0.1:63775]" daemon [_thread_blocked, id=4304, stack(0x000000005d6d0000,0x000000005d7d0000)]

Other Threads:
=>0x0000000019c5a000 VMThread "VM Thread" [stack: 0x000000005a950000,0x000000005aa50000] [id=5204]
  0x000000005b783800 WatcherThread [stack: 0x000000005bcc0000,0x000000005bdc0000] [id=7768]
  0x0000000000131000 GCTaskThread "GC Thread#0" [stack: 0x0000000015320000,0x0000000015420000] [id=236]
  0x000000005c3cb800 GCTaskThread "GC Thread#1" [stack: 0x000000005dbf0000,0x000000005dcf0000] [id=5764]
  0x000000005c244800 GCTaskThread "GC Thread#2" [stack: 0x000000005dd80000,0x000000005de80000] [id=8032]
  0x000000005c275800 GCTaskThread "GC Thread#3" [stack: 0x000000005df00000,0x000000005e000000] [id=7624]
  0x0000000000149000 ConcurrentGCThread "G1 Main Marker" [stack: 0x00000000175c0000,0x00000000176c0000] [id=4608]
  0x000000000014a800 ConcurrentGCThread "G1 Conc#0" [stack: 0x0000000017840000,0x0000000017940000] [id=352]
  0x0000000019b9f800 ConcurrentGCThread "G1 Refine#0" [stack: 0x0000000019e50000,0x0000000019f50000] [id=2888]
  0x0000000019ba0800 ConcurrentGCThread "G1 Young RemSet Sampling" [stack: 0x0000000019ce0000,0x0000000019de0000] [id=2568]

Threads with active compile tasks:

VM state:at safepoint (normal execution)

VM Mutex/Monitor currently owned by a thread:  ([mutex/lock_event])
[0x0000000000112870] Threads_lock - owner thread: 0x0000000019c5a000
[0x00000000001130d0] Heap_lock - owner thread: 0x000000005c175800

Heap address: 0x00000000d0c00000, size: 756 MB, Compressed Oops mode: 32-bit
Narrow klass base: 0x0000000000000000, Narrow klass shift: 0
Compressed class space size: 1073741824 Address: 0x0000000019f50000

Heap:
 garbage-first heap   total 131072K, used 10346K [0x00000000d0c00000, 0x0000000100000000)
  region size 1024K, 6 young (6144K), 0 survivors (0K)
 Metaspace       used 20857K, capacity 21238K, committed 22064K, reserved 1069056K
  class space    used 2080K, capacity 2198K, committed 2432K, reserved 1048576K
Heap Regions: E=young(eden), S=young(survivor), O=old, HS=humongous(starts), HC=humongous(continues), CS=collection set, F=free, A=archive, TAMS=top-at-mark-start (previous, next)
|   0|0x00000000d0c00000, 0x00000000d0d00000, 0x00000000d0d00000|100%| O|  |TAMS 0x00000000d0c00000, 0x00000000d0c00000| Untracked 
|   1|0x00000000d0d00000, 0x00000000d0dfffe8, 0x00000000d0e00000| 99%| O|  |TAMS 0x00000000d0d00000, 0x00000000d0d00000| Untracked 
|   2|0x00000000d0e00000, 0x00000000d0f00000, 0x00000000d0f00000|100%| O|  |TAMS 0x00000000d0e00000, 0x00000000d0e00000| Untracked 
|   3|0x00000000d0f00000, 0x00000000d0ffff58, 0x00000000d1000000| 99%| O|  |TAMS 0x00000000d0f00000, 0x00000000d0f00000| Untracked 
|   4|0x00000000d1000000, 0x00000000d10fff80, 0x00000000d1100000| 99%| O|  |TAMS 0x00000000d1000000, 0x00000000d1000000| Untracked 
|   5|0x00000000d1100000, 0x00000000d11b2a08, 0x00000000d1200000| 69%| O|  |TAMS 0x00000000d1100000, 0x00000000d1100000| Untracked 
|   6|0x00000000d1200000, 0x00000000d1268058, 0x00000000d1300000| 40%| O|  |TAMS 0x00000000d1200000, 0x00000000d1200000| Untracked 
|   7|0x00000000d1300000, 0x00000000d1300000, 0x00000000d1400000|  0%| F|  |TAMS 0x00000000d1300000, 0x00000000d1300000| Untracked 
|   8|0x00000000d1400000, 0x00000000d1400000, 0x00000000d1500000|  0%| F|  |TAMS 0x00000000d1400000, 0x00000000d1400000| Untracked 
|   9|0x00000000d1500000, 0x00000000d1500000, 0x00000000d1600000|  0%| F|  |TAMS 0x00000000d1500000, 0x00000000d1500000| Untracked 
|  10|0x00000000d1600000, 0x00000000d1600000, 0x00000000d1700000|  0%| F|  |TAMS 0x00000000d1600000, 0x00000000d1600000| Untracked 
|  11|0x00000000d1700000, 0x00000000d1700000, 0x00000000d1800000|  0%| F|  |TAMS 0x00000000d1700000, 0x00000000d1700000| Untracked 
|  12|0x00000000d1800000, 0x00000000d1800000, 0x00000000d1900000|  0%| F|  |TAMS 0x00000000d1800000, 0x00000000d1800000| Untracked 
|  13|0x00000000d1900000, 0x00000000d1900000, 0x00000000d1a00000|  0%| F|  |TAMS 0x00000000d1900000, 0x00000000d1900000| Untracked 
|  14|0x00000000d1a00000, 0x00000000d1a00000, 0x00000000d1b00000|  0%| F|  |TAMS 0x00000000d1a00000, 0x00000000d1a00000| Untracked 
|  15|0x00000000d1b00000, 0x00000000d1b00000, 0x00000000d1c00000|  0%| F|  |TAMS 0x00000000d1b00000, 0x00000000d1b00000| Untracked 
|  16|0x00000000d1c00000, 0x00000000d1c00000, 0x00000000d1d00000|  0%| F|  |TAMS 0x00000000d1c00000, 0x00000000d1c00000| Untracked 
|  17|0x00000000d1d00000, 0x00000000d1d00000, 0x00000000d1e00000|  0%| F|  |TAMS 0x00000000d1d00000, 0x00000000d1d00000| Untracked 
|  18|0x00000000d1e00000, 0x00000000d1e00000, 0x00000000d1f00000|  0%| F|  |TAMS 0x00000000d1e00000, 0x00000000d1e00000| Untracked 
|  19|0x00000000d1f00000, 0x00000000d1f00000, 0x00000000d2000000|  0%| F|  |TAMS 0x00000000d1f00000, 0x00000000d1f00000| Untracked 
|  20|0x00000000d2000000, 0x00000000d2000000, 0x00000000d2100000|  0%| F|  |TAMS 0x00000000d2000000, 0x00000000d2000000| Untracked 
|  21|0x00000000d2100000, 0x00000000d2100000, 0x00000000d2200000|  0%| F|  |TAMS 0x00000000d2100000, 0x00000000d2100000| Untracked 
|  22|0x00000000d2200000, 0x00000000d2200000, 0x00000000d2300000|  0%| F|  |TAMS 0x00000000d2200000, 0x00000000d2200000| Untracked 
|  23|0x00000000d2300000, 0x00000000d2300000, 0x00000000d2400000|  0%| F|  |TAMS 0x00000000d2300000, 0x00000000d2300000| Untracked 
|  24|0x00000000d2400000, 0x00000000d2400000, 0x00000000d2500000|  0%| F|  |TAMS 0x00000000d2400000, 0x00000000d2400000| Untracked 
|  25|0x00000000d2500000, 0x00000000d2500000, 0x00000000d2600000|  0%| F|  |TAMS 0x00000000d2500000, 0x00000000d2500000| Untracked 
|  26|0x00000000d2600000, 0x00000000d2600000, 0x00000000d2700000|  0%| F|  |TAMS 0x00000000d2600000, 0x00000000d2600000| Untracked 
|  27|0x00000000d2700000, 0x00000000d2700000, 0x00000000d2800000|  0%| F|  |TAMS 0x00000000d2700000, 0x00000000d2700000| Untracked 
|  28|0x00000000d2800000, 0x00000000d2800000, 0x00000000d2900000|  0%| F|  |TAMS 0x00000000d2800000, 0x00000000d2800000| Untracked 
|  29|0x00000000d2900000, 0x00000000d2900000, 0x00000000d2a00000|  0%| F|  |TAMS 0x00000000d2900000, 0x00000000d2900000| Untracked 
|  30|0x00000000d2a00000, 0x00000000d2a00000, 0x00000000d2b00000|  0%| F|  |TAMS 0x00000000d2a00000, 0x00000000d2a00000| Untracked 
|  31|0x00000000d2b00000, 0x00000000d2b00000, 0x00000000d2c00000|  0%| F|  |TAMS 0x00000000d2b00000, 0x00000000d2b00000| Untracked 
|  32|0x00000000d2c00000, 0x00000000d2c00000, 0x00000000d2d00000|  0%| F|  |TAMS 0x00000000d2c00000, 0x00000000d2c00000| Untracked 
|  33|0x00000000d2d00000, 0x00000000d2d00000, 0x00000000d2e00000|  0%| F|  |TAMS 0x00000000d2d00000, 0x00000000d2d00000| Untracked 
|  34|0x00000000d2e00000, 0x00000000d2e00000, 0x00000000d2f00000|  0%| F|  |TAMS 0x00000000d2e00000, 0x00000000d2e00000| Untracked 
|  35|0x00000000d2f00000, 0x00000000d2f00000, 0x00000000d3000000|  0%| F|  |TAMS 0x00000000d2f00000, 0x00000000d2f00000| Untracked 
|  36|0x00000000d3000000, 0x00000000d3000000, 0x00000000d3100000|  0%| F|  |TAMS 0x00000000d3000000, 0x00000000d3000000| Untracked 
|  37|0x00000000d3100000, 0x00000000d3100000, 0x00000000d3200000|  0%| F|  |TAMS 0x00000000d3100000, 0x00000000d3100000| Untracked 
|  38|0x00000000d3200000, 0x00000000d3200000, 0x00000000d3300000|  0%| F|  |TAMS 0x00000000d3200000, 0x00000000d3200000| Untracked 
|  39|0x00000000d3300000, 0x00000000d3300000, 0x00000000d3400000|  0%| F|  |TAMS 0x00000000d3300000, 0x00000000d3300000| Untracked 
|  40|0x00000000d3400000, 0x00000000d3400000, 0x00000000d3500000|  0%| F|  |TAMS 0x00000000d3400000, 0x00000000d3400000| Untracked 
|  41|0x00000000d3500000, 0x00000000d3500000, 0x00000000d3600000|  0%| F|  |TAMS 0x00000000d3500000, 0x00000000d3500000| Untracked 
|  42|0x00000000d3600000, 0x00000000d3600000, 0x00000000d3700000|  0%| F|  |TAMS 0x00000000d3600000, 0x00000000d3600000| Untracked 
|  43|0x00000000d3700000, 0x00000000d3700000, 0x00000000d3800000|  0%| F|  |TAMS 0x00000000d3700000, 0x00000000d3700000| Untracked 
|  44|0x00000000d3800000, 0x00000000d3800000, 0x00000000d3900000|  0%| F|  |TAMS 0x00000000d3800000, 0x00000000d3800000| Untracked 
|  45|0x00000000d3900000, 0x00000000d3900000, 0x00000000d3a00000|  0%| F|  |TAMS 0x00000000d3900000, 0x00000000d3900000| Untracked 
|  46|0x00000000d3a00000, 0x00000000d3a00000, 0x00000000d3b00000|  0%| F|  |TAMS 0x00000000d3a00000, 0x00000000d3a00000| Untracked 
|  47|0x00000000d3b00000, 0x00000000d3b00000, 0x00000000d3c00000|  0%| F|  |TAMS 0x00000000d3b00000, 0x00000000d3b00000| Untracked 
|  48|0x00000000d3c00000, 0x00000000d3c00000, 0x00000000d3d00000|  0%| F|  |TAMS 0x00000000d3c00000, 0x00000000d3c00000| Untracked 
|  49|0x00000000d3d00000, 0x00000000d3d00000, 0x00000000d3e00000|  0%| F|  |TAMS 0x00000000d3d00000, 0x00000000d3d00000| Untracked 
|  50|0x00000000d3e00000, 0x00000000d3e00000, 0x00000000d3f00000|  0%| F|  |TAMS 0x00000000d3e00000, 0x00000000d3e00000| Untracked 
|  51|0x00000000d3f00000, 0x00000000d3f00000, 0x00000000d4000000|  0%| F|  |TAMS 0x00000000d3f00000, 0x00000000d3f00000| Untracked 
|  52|0x00000000d4000000, 0x00000000d4000000, 0x00000000d4100000|  0%| F|  |TAMS 0x00000000d4000000, 0x00000000d4000000| Untracked 
|  53|0x00000000d4100000, 0x00000000d4100000, 0x00000000d4200000|  0%| F|  |TAMS 0x00000000d4100000, 0x00000000d4100000| Untracked 
|  54|0x00000000d4200000, 0x00000000d4200000, 0x00000000d4300000|  0%| F|  |TAMS 0x00000000d4200000, 0x00000000d4200000| Untracked 
|  55|0x00000000d4300000, 0x00000000d4300000, 0x00000000d4400000|  0%| F|  |TAMS 0x00000000d4300000, 0x00000000d4300000| Untracked 
|  56|0x00000000d4400000, 0x00000000d4400000, 0x00000000d4500000|  0%| F|  |TAMS 0x00000000d4400000, 0x00000000d4400000| Untracked 
|  57|0x00000000d4500000, 0x00000000d4500000, 0x00000000d4600000|  0%| F|  |TAMS 0x00000000d4500000, 0x00000000d4500000| Untracked 
|  58|0x00000000d4600000, 0x00000000d4600000, 0x00000000d4700000|  0%| F|  |TAMS 0x00000000d4600000, 0x00000000d4600000| Untracked 
|  59|0x00000000d4700000, 0x00000000d4700000, 0x00000000d4800000|  0%| F|  |TAMS 0x00000000d4700000, 0x00000000d4700000| Untracked 
|  60|0x00000000d4800000, 0x00000000d4800000, 0x00000000d4900000|  0%| F|  |TAMS 0x00000000d4800000, 0x00000000d4800000| Untracked 
|  61|0x00000000d4900000, 0x00000000d4900000, 0x00000000d4a00000|  0%| F|  |TAMS 0x00000000d4900000, 0x00000000d4900000| Untracked 
|  62|0x00000000d4a00000, 0x00000000d4a00000, 0x00000000d4b00000|  0%| F|  |TAMS 0x00000000d4a00000, 0x00000000d4a00000| Untracked 
|  63|0x00000000d4b00000, 0x00000000d4b00000, 0x00000000d4c00000|  0%| F|  |TAMS 0x00000000d4b00000, 0x00000000d4b00000| Untracked 
|  64|0x00000000d4c00000, 0x00000000d4c00000, 0x00000000d4d00000|  0%| F|  |TAMS 0x00000000d4c00000, 0x00000000d4c00000| Untracked 
|  65|0x00000000d4d00000, 0x00000000d4d00000, 0x00000000d4e00000|  0%| F|  |TAMS 0x00000000d4d00000, 0x00000000d4d00000| Untracked 
|  66|0x00000000d4e00000, 0x00000000d4e00000, 0x00000000d4f00000|  0%| F|  |TAMS 0x00000000d4e00000, 0x00000000d4e00000| Untracked 
|  67|0x00000000d4f00000, 0x00000000d4f00000, 0x00000000d5000000|  0%| F|  |TAMS 0x00000000d4f00000, 0x00000000d4f00000| Untracked 
|  68|0x00000000d5000000, 0x00000000d5000000, 0x00000000d5100000|  0%| F|  |TAMS 0x00000000d5000000, 0x00000000d5000000| Untracked 
|  69|0x00000000d5100000, 0x00000000d5100000, 0x00000000d5200000|  0%| F|  |TAMS 0x00000000d5100000, 0x00000000d5100000| Untracked 
|  70|0x00000000d5200000, 0x00000000d5200000, 0x00000000d5300000|  0%| F|  |TAMS 0x00000000d5200000, 0x00000000d5200000| Untracked 
|  71|0x00000000d5300000, 0x00000000d5300000, 0x00000000d5400000|  0%| F|  |TAMS 0x00000000d5300000, 0x00000000d5300000| Untracked 
|  72|0x00000000d5400000, 0x00000000d5400000, 0x00000000d5500000|  0%| F|  |TAMS 0x00000000d5400000, 0x00000000d5400000| Untracked 
|  73|0x00000000d5500000, 0x00000000d5500000, 0x00000000d5600000|  0%| F|  |TAMS 0x00000000d5500000, 0x00000000d5500000| Untracked 
|  74|0x00000000d5600000, 0x00000000d5600000, 0x00000000d5700000|  0%| F|  |TAMS 0x00000000d5600000, 0x00000000d5600000| Untracked 
|  75|0x00000000d5700000, 0x00000000d5700000, 0x00000000d5800000|  0%| F|  |TAMS 0x00000000d5700000, 0x00000000d5700000| Untracked 
|  76|0x00000000d5800000, 0x00000000d5800000, 0x00000000d5900000|  0%| F|  |TAMS 0x00000000d5800000, 0x00000000d5800000| Untracked 
|  77|0x00000000d5900000, 0x00000000d5900000, 0x00000000d5a00000|  0%| F|  |TAMS 0x00000000d5900000, 0x00000000d5900000| Untracked 
|  78|0x00000000d5a00000, 0x00000000d5a00000, 0x00000000d5b00000|  0%| F|  |TAMS 0x00000000d5a00000, 0x00000000d5a00000| Untracked 
|  79|0x00000000d5b00000, 0x00000000d5b00000, 0x00000000d5c00000|  0%| F|  |TAMS 0x00000000d5b00000, 0x00000000d5b00000| Untracked 
|  80|0x00000000d5c00000, 0x00000000d5c00000, 0x00000000d5d00000|  0%| F|  |TAMS 0x00000000d5c00000, 0x00000000d5c00000| Untracked 
|  81|0x00000000d5d00000, 0x00000000d5d00000, 0x00000000d5e00000|  0%| F|  |TAMS 0x00000000d5d00000, 0x00000000d5d00000| Untracked 
|  82|0x00000000d5e00000, 0x00000000d5e00000, 0x00000000d5f00000|  0%| F|  |TAMS 0x00000000d5e00000, 0x00000000d5e00000| Untracked 
|  83|0x00000000d5f00000, 0x00000000d5f00000, 0x00000000d6000000|  0%| F|  |TAMS 0x00000000d5f00000, 0x00000000d5f00000| Untracked 
|  84|0x00000000d6000000, 0x00000000d6000000, 0x00000000d6100000|  0%| F|  |TAMS 0x00000000d6000000, 0x00000000d6000000| Untracked 
|  85|0x00000000d6100000, 0x00000000d6100000, 0x00000000d6200000|  0%| F|  |TAMS 0x00000000d6100000, 0x00000000d6100000| Untracked 
|  86|0x00000000d6200000, 0x00000000d6200000, 0x00000000d6300000|  0%| F|  |TAMS 0x00000000d6200000, 0x00000000d6200000| Untracked 
|  87|0x00000000d6300000, 0x00000000d6300000, 0x00000000d6400000|  0%| F|  |TAMS 0x00000000d6300000, 0x00000000d6300000| Untracked 
|  88|0x00000000d6400000, 0x00000000d6400000, 0x00000000d6500000|  0%| F|  |TAMS 0x00000000d6400000, 0x00000000d6400000| Untracked 
|  89|0x00000000d6500000, 0x00000000d6500000, 0x00000000d6600000|  0%| F|  |TAMS 0x00000000d6500000, 0x00000000d6500000| Untracked 
|  90|0x00000000d6600000, 0x00000000d6600000, 0x00000000d6700000|  0%| F|  |TAMS 0x00000000d6600000, 0x00000000d6600000| Untracked 
|  91|0x00000000d6700000, 0x00000000d6700000, 0x00000000d6800000|  0%| F|  |TAMS 0x00000000d6700000, 0x00000000d6700000| Untracked 
|  92|0x00000000d6800000, 0x00000000d6800000, 0x00000000d6900000|  0%| F|  |TAMS 0x00000000d6800000, 0x00000000d6800000| Untracked 
|  93|0x00000000d6900000, 0x00000000d6900000, 0x00000000d6a00000|  0%| F|  |TAMS 0x00000000d6900000, 0x00000000d6900000| Untracked 
|  94|0x00000000d6a00000, 0x00000000d6a00000, 0x00000000d6b00000|  0%| F|  |TAMS 0x00000000d6a00000, 0x00000000d6a00000| Untracked 
|  95|0x00000000d6b00000, 0x00000000d6b00000, 0x00000000d6c00000|  0%| F|  |TAMS 0x00000000d6b00000, 0x00000000d6b00000| Untracked 
|  96|0x00000000d6c00000, 0x00000000d6c00000, 0x00000000d6d00000|  0%| F|  |TAMS 0x00000000d6c00000, 0x00000000d6c00000| Untracked 
|  97|0x00000000d6d00000, 0x00000000d6d00000, 0x00000000d6e00000|  0%| F|  |TAMS 0x00000000d6d00000, 0x00000000d6d00000| Untracked 
|  98|0x00000000d6e00000, 0x00000000d6e00000, 0x00000000d6f00000|  0%| F|  |TAMS 0x00000000d6e00000, 0x00000000d6e00000| Untracked 
|  99|0x00000000d6f00000, 0x00000000d6f00000, 0x00000000d7000000|  0%| F|  |TAMS 0x00000000d6f00000, 0x00000000d6f00000| Untracked 
| 100|0x00000000d7000000, 0x00000000d7000000, 0x00000000d7100000|  0%| F|  |TAMS 0x00000000d7000000, 0x00000000d7000000| Untracked 
| 101|0x00000000d7100000, 0x00000000d7100000, 0x00000000d7200000|  0%| F|  |TAMS 0x00000000d7100000, 0x00000000d7100000| Untracked 
| 102|0x00000000d7200000, 0x00000000d7200000, 0x00000000d7300000|  0%| F|  |TAMS 0x00000000d7200000, 0x00000000d7200000| Untracked 
| 103|0x00000000d7300000, 0x00000000d7300000, 0x00000000d7400000|  0%| F|  |TAMS 0x00000000d7300000, 0x00000000d7300000| Untracked 
| 104|0x00000000d7400000, 0x00000000d7400000, 0x00000000d7500000|  0%| F|  |TAMS 0x00000000d7400000, 0x00000000d7400000| Untracked 
| 105|0x00000000d7500000, 0x00000000d7500000, 0x00000000d7600000|  0%| F|  |TAMS 0x00000000d7500000, 0x00000000d7500000| Untracked 
| 106|0x00000000d7600000, 0x00000000d7600000, 0x00000000d7700000|  0%| F|  |TAMS 0x00000000d7600000, 0x00000000d7600000| Untracked 
| 107|0x00000000d7700000, 0x00000000d7700000, 0x00000000d7800000|  0%| F|  |TAMS 0x00000000d7700000, 0x00000000d7700000| Untracked 
| 108|0x00000000d7800000, 0x00000000d7800000, 0x00000000d7900000|  0%| F|  |TAMS 0x00000000d7800000, 0x00000000d7800000| Untracked 
| 109|0x00000000d7900000, 0x00000000d7900000, 0x00000000d7a00000|  0%| F|  |TAMS 0x00000000d7900000, 0x00000000d7900000| Untracked 
| 110|0x00000000d7a00000, 0x00000000d7a00000, 0x00000000d7b00000|  0%| F|  |TAMS 0x00000000d7a00000, 0x00000000d7a00000| Untracked 
| 111|0x00000000d7b00000, 0x00000000d7b00000, 0x00000000d7c00000|  0%| F|  |TAMS 0x00000000d7b00000, 0x00000000d7b00000| Untracked 
| 112|0x00000000d7c00000, 0x00000000d7c00000, 0x00000000d7d00000|  0%| F|  |TAMS 0x00000000d7c00000, 0x00000000d7c00000| Untracked 
| 113|0x00000000d7d00000, 0x00000000d7d00000, 0x00000000d7e00000|  0%| F|  |TAMS 0x00000000d7d00000, 0x00000000d7d00000| Untracked 
| 114|0x00000000d7e00000, 0x00000000d7e00000, 0x00000000d7f00000|  0%| F|  |TAMS 0x00000000d7e00000, 0x00000000d7e00000| Untracked 
| 115|0x00000000d7f00000, 0x00000000d7f00000, 0x00000000d8000000|  0%| F|  |TAMS 0x00000000d7f00000, 0x00000000d7f00000| Untracked 
| 116|0x00000000d8000000, 0x00000000d8000000, 0x00000000d8100000|  0%| F|  |TAMS 0x00000000d8000000, 0x00000000d8000000| Untracked 
| 117|0x00000000d8100000, 0x00000000d8100000, 0x00000000d8200000|  0%| F|  |TAMS 0x00000000d8100000, 0x00000000d8100000| Untracked 
| 118|0x00000000d8200000, 0x00000000d8200000, 0x00000000d8300000|  0%| F|  |TAMS 0x00000000d8200000, 0x00000000d8200000| Untracked 
| 119|0x00000000d8300000, 0x00000000d8300000, 0x00000000d8400000|  0%| F|  |TAMS 0x00000000d8300000, 0x00000000d8300000| Untracked 
| 120|0x00000000d8400000, 0x00000000d8400000, 0x00000000d8500000|  0%| F|  |TAMS 0x00000000d8400000, 0x00000000d8400000| Untracked 
| 121|0x00000000d8500000, 0x00000000d8500000, 0x00000000d8600000|  0%| F|  |TAMS 0x00000000d8500000, 0x00000000d8500000| Untracked 
| 122|0x00000000d8600000, 0x00000000d8700000, 0x00000000d8700000|100%| E|  |TAMS 0x00000000d8600000, 0x00000000d8600000| Complete 
| 123|0x00000000d8700000, 0x00000000d8800000, 0x00000000d8800000|100%| E|CS|TAMS 0x00000000d8700000, 0x00000000d8700000| Complete 
| 124|0x00000000d8800000, 0x00000000d8900000, 0x00000000d8900000|100%| E|CS|TAMS 0x00000000d8800000, 0x00000000d8800000| Complete 
| 125|0x00000000d8900000, 0x00000000d8a00000, 0x00000000d8a00000|100%| E|CS|TAMS 0x00000000d8900000, 0x00000000d8900000| Complete 
| 126|0x00000000d8a00000, 0x00000000d8b00000, 0x00000000d8b00000|100%| E|  |TAMS 0x00000000d8a00000, 0x00000000d8a00000| Complete 
| 127|0x00000000d8b00000, 0x00000000d8c00000, 0x00000000d8c00000|100%| E|CS|TAMS 0x00000000d8b00000, 0x00000000d8b00000| Complete 

Card table byte_map: [0x00000000159e0000,0x0000000015b60000] _byte_map_base: 0x000000001535a000

Marking Bits (Prev, Next): (CMBitMap*) 0x0000000000145510, (CMBitMap*) 0x00000000001454d8
 Prev Bits: [0x00000000168b0000, 0x0000000017480000)
 Next Bits: [0x0000000015ce0000, 0x00000000168b0000)

Polling page: 0x00000000001c0000

Metaspace:

Usage:
  Non-class:     18.59 MB capacity,    18.34 MB ( 99%) used,   229.16 KB (  1%) free+waste,    33.13 KB ( <1%) overhead. 
      Class:      2.15 MB capacity,     2.03 MB ( 95%) used,   103.95 KB (  5%) free+waste,    13.88 KB ( <1%) overhead. 
       Both:     20.74 MB capacity,    20.37 MB ( 98%) used,   333.11 KB (  2%) free+waste,    47.00 KB ( <1%) overhead. 

Virtual space:
  Non-class space:       20.00 MB reserved,      19.17 MB ( 96%) committed 
      Class space:        1.00 GB reserved,       2.38 MB ( <1%) committed 
             Both:        1.02 GB reserved,      21.55 MB (  2%) committed 

Chunk freelists:
   Non-Class:  352.00 KB
       Class:  170.00 KB
        Both:  522.00 KB

MaxMetaspaceSize: 17179869184.00 GB
CompressedClassSpaceSize: 1.00 GB

CodeHeap 'non-profiled nmethods': size=120064Kb used=830Kb max_used=830Kb free=119233Kb
 bounds [0x000000000dbc0000, 0x000000000de30000, 0x0000000015100000]
CodeHeap 'profiled nmethods': size=120000Kb used=4850Kb max_used=4882Kb free=115149Kb
 bounds [0x0000000006690000, 0x0000000006b60000, 0x000000000dbc0000]
CodeHeap 'non-nmethods': size=5696Kb used=1161Kb max_used=1188Kb free=4534Kb
 bounds [0x0000000006100000, 0x0000000006370000, 0x0000000006690000]
 total_blobs=2711 nmethods=2202 adapters=421
 compilation: enabled
              stopped_count=0, restarted_count=0
 full_count=0

Compilation events (20 events):
Event: 18346.442 Thread 0x000000005a889000 2475       4       java.lang.Thread::interrupted (8 bytes)
Event: 18346.444 Thread 0x000000005a889000 nmethod 2475 0x000000000dc8d810 code [0x000000000dc8d9a0, 0x000000000dc8da28]
Event: 18366.336 Thread 0x000000005a889000 2476       4       java.io.ObjectStreamField::getSignature (39 bytes)
Event: 18366.338 Thread 0x000000005a889000 nmethod 2476 0x000000000dc8db10 code [0x000000000dc8dca0, 0x000000000dc8dd18]
Event: 18601.972 Thread 0x000000005a8e2800 2477       3       sun.rmi.transport.tcp.TCPChannel::checkConnectPermission (112 bytes)
Event: 18601.974 Thread 0x000000005a8e2800 nmethod 2477 0x0000000006820f10 code [0x00000000068211e0, 0x00000000068220a8]
Event: 18601.974 Thread 0x000000005a8e2800 2478   !   3       sun.rmi.transport.tcp.TCPConnection::isDead (159 bytes)
Event: 18601.977 Thread 0x000000005a8e2800 nmethod 2478 0x0000000006b5aa10 code [0x0000000006b5ad20, 0x0000000006b5bff8]
Event: 18701.980 Thread 0x000000005a889000 2479       4       java.util.Arrays::copyOf (40 bytes)
Event: 18701.987 Thread 0x000000005a889000 nmethod 2479 0x000000000dc8dd90 code [0x000000000dc8df40, 0x000000000dc8e2d8]
Event: 18741.342 Thread 0x000000005a8e2800 2480       1       java.util.concurrent.SynchronousQueue::isEmpty (2 bytes)
Event: 18741.343 Thread 0x000000005a8e2800 nmethod 2480 0x000000000dc8e510 code [0x000000000dc8e6c0, 0x000000000dc8e778]
Event: 18901.443 Thread 0x000000005a8e2800 2481       1       sun.rmi.transport.StreamRemoteCall::getConnection (5 bytes)
Event: 18901.443 Thread 0x000000005a8e2800 nmethod 2481 0x000000000dc8e810 code [0x000000000dc8e9c0, 0x000000000dc8ea78]
Event: 20382.198 Thread 0x000000005a889000 2482       4       java.net.URI$Parser::scan (53 bytes)
Event: 20382.214 Thread 0x000000005a889000 nmethod 2482 0x000000000dc8eb10 code [0x000000000dc8ece0, 0x000000000dc8f1c8]
Event: 20877.276 Thread 0x000000005a889000 2483       4       java.util.concurrent.ThreadPoolExecutor::beforeExecute (1 bytes)
Event: 20877.277 Thread 0x000000005a889000 nmethod 2483 0x000000000dc8f690 code [0x000000000dc8f820, 0x000000000dc8f878]
Event: 20897.251 Thread 0x000000005a889000 2484       4       java.util.concurrent.ThreadPoolExecutor::afterExecute (1 bytes)
Event: 20897.251 Thread 0x000000005a889000 nmethod 2484 0x000000000dc8f910 code [0x000000000dc8faa0, 0x000000000dc8faf8]

GC Heap History (16 events):
Event: 2.489 GC heap before
{Heap before GC invocations=0 (full 0):
 garbage-first heap   total 131072K, used 13312K [0x00000000d0c00000, 0x0000000100000000)
  region size 1024K, 14 young (14336K), 0 survivors (0K)
 Metaspace       used 13014K, capacity 13418K, committed 13568K, reserved 1060864K
  class space    used 1328K, capacity 1509K, committed 1536K, reserved 1048576K
}
Event: 2.496 GC heap after
{Heap after GC invocations=1 (full 0):
 garbage-first heap   total 131072K, used 3240K [0x00000000d0c00000, 0x0000000100000000)
  region size 1024K, 2 young (2048K), 2 survivors (2048K)
 Metaspace       used 13014K, capacity 13418K, committed 13568K, reserved 1060864K
  class space    used 1328K, capacity 1509K, committed 1536K, reserved 1048576K
}
Event: 2.894 GC heap before
{Heap before GC invocations=1 (full 0):
 garbage-first heap   total 131072K, used 9384K [0x00000000d0c00000, 0x0000000100000000)
  region size 1024K, 8 young (8192K), 2 survivors (2048K)
 Metaspace       used 15208K, capacity 15667K, committed 15872K, reserved 1062912K
  class space    used 1564K, capacity 1726K, committed 1792K, reserved 1048576K
}
Event: 2.903 GC heap after
{Heap after GC invocations=2 (full 0):
 garbage-first heap   total 131072K, used 4968K [0x00000000d0c00000, 0x0000000100000000)
  region size 1024K, 1 young (1024K), 1 survivors (1024K)
 Metaspace       used 15208K, capacity 15667K, committed 15872K, reserved 1062912K
  class space    used 1564K, capacity 1726K, committed 1792K, reserved 1048576K
}
Event: 4.867 GC heap before
{Heap before GC invocations=2 (full 0):
 garbage-first heap   total 131072K, used 21352K [0x00000000d0c00000, 0x0000000100000000)
  region size 1024K, 18 young (18432K), 1 survivors (1024K)
 Metaspace       used 20626K, capacity 21124K, committed 21296K, reserved 1069056K
  class space    used 2150K, capacity 2310K, committed 2432K, reserved 1048576K
}
Event: 4.934 GC heap after
{Heap after GC invocations=3 (full 0):
 garbage-first heap   total 131072K, used 7163K [0x00000000d0c00000, 0x0000000100000000)
  region size 1024K, 3 young (3072K), 3 survivors (3072K)
 Metaspace       used 20626K, capacity 21124K, committed 21296K, reserved 1069056K
  class space    used 2150K, capacity 2310K, committed 2432K, reserved 1048576K
}
Event: 3604.934 GC heap before
{Heap before GC invocations=4 (full 0):
 garbage-first heap   total 131072K, used 15355K [0x00000000d0c00000, 0x0000000100000000)
  region size 1024K, 13 young (13312K), 3 survivors (3072K)
 Metaspace       used 20893K, capacity 21477K, committed 21808K, reserved 1069056K
  class space    used 2154K, capacity 2341K, committed 2432K, reserved 1048576K
}
Event: 3604.956 GC heap after
{Heap after GC invocations=5 (full 1):
 garbage-first heap   total 131072K, used 6811K [0x00000000d0c00000, 0x0000000100000000)
  region size 1024K, 0 young (0K), 0 survivors (0K)
 Metaspace       used 20893K, capacity 21477K, committed 21808K, reserved 1069056K
  class space    used 2154K, capacity 2341K, committed 2432K, reserved 1048576K
}
Event: 7204.870 GC heap before
{Heap before GC invocations=5 (full 1):
 garbage-first heap   total 131072K, used 12955K [0x00000000d0c00000, 0x0000000100000000)
  region size 1024K, 7 young (7168K), 0 survivors (0K)
 Metaspace       used 21082K, capacity 21669K, committed 22064K, reserved 1069056K
  class space    used 2154K, capacity 2341K, committed 2432K, reserved 1048576K
}
Event: 7204.974 GC heap after
{Heap after GC invocations=6 (full 2):
 garbage-first heap   total 131072K, used 6262K [0x00000000d0c00000, 0x0000000100000000)
  region size 1024K, 0 young (0K), 0 survivors (0K)
 Metaspace       used 20764K, capacity 21174K, committed 22064K, reserved 1069056K
  class space    used 2080K, capacity 2198K, committed 2432K, reserved 1048576K
}
Event: 10804.886 GC heap before
{Heap before GC invocations=6 (full 2):
 garbage-first heap   total 131072K, used 11382K [0x00000000d0c00000, 0x0000000100000000)
  region size 1024K, 6 young (6144K), 0 survivors (0K)
 Metaspace       used 20826K, capacity 21174K, committed 22064K, reserved 1069056K
  class space    used 2080K, capacity 2198K, committed 2432K, reserved 1048576K
}
Event: 10804.903 GC heap after
{Heap after GC invocations=7 (full 3):
 garbage-first heap   total 131072K, used 6248K [0x00000000d0c00000, 0x0000000100000000)
  region size 1024K, 0 young (0K), 0 survivors (0K)
 Metaspace       used 20826K, capacity 21174K, committed 22064K, reserved 1069056K
  class space    used 2080K, capacity 2198K, committed 2432K, reserved 1048576K
}
Event: 14404.815 GC heap before
{Heap before GC invocations=7 (full 3):
 garbage-first heap   total 131072K, used 11368K [0x00000000d0c00000, 0x0000000100000000)
  region size 1024K, 6 young (6144K), 0 survivors (0K)
 Metaspace       used 20851K, capacity 21238K, committed 22064K, reserved 1069056K
  class space    used 2080K, capacity 2198K, committed 2432K, reserved 1048576K
}
Event: 14404.831 GC heap after
{Heap after GC invocations=8 (full 4):
 garbage-first heap   total 131072K, used 6250K [0x00000000d0c00000, 0x0000000100000000)
  region size 1024K, 0 young (0K), 0 survivors (0K)
 Metaspace       used 20851K, capacity 21238K, committed 22064K, reserved 1069056K
  class space    used 2080K, capacity 2198K, committed 2432K, reserved 1048576K
}
Event: 18004.742 GC heap before
{Heap before GC invocations=8 (full 4):
 garbage-first heap   total 131072K, used 11370K [0x00000000d0c00000, 0x0000000100000000)
  region size 1024K, 6 young (6144K), 0 survivors (0K)
 Metaspace       used 20854K, capacity 21238K, committed 22064K, reserved 1069056K
  class space    used 2080K, capacity 2198K, committed 2432K, reserved 1048576K
}
Event: 18004.765 GC heap after
{Heap after GC invocations=9 (full 5):
 garbage-first heap   total 131072K, used 6250K [0x00000000d0c00000, 0x0000000100000000)
  region size 1024K, 0 young (0K), 0 survivors (0K)
 Metaspace       used 20854K, capacity 21238K, committed 22064K, reserved 1069056K
  class space    used 2080K, capacity 2198K, committed 2432K, reserved 1048576K
}

Deoptimization events (20 events):
Event: 3.590 Thread 0x000000005c1a1000 Uncommon trap: trap_request=0xffffffde fr.pc=0x000000000dc17254 relative=0x0000000000000694
Event: 3.590 Thread 0x000000005c1a1000 Uncommon trap: reason=class_check action=maybe_recompile pc=0x000000000dc17254 method=java.util.regex.Pattern$BmpCharPropertyGreedy.match(Ljava/util/regex/Matcher;ILjava/lang/CharSequence;)Z @ 26 c2
Event: 3.590 Thread 0x000000005c1a1000 DEOPT PACKING pc=0x000000000dc17254 sp=0x000000005d6aaac0
Event: 3.590 Thread 0x000000005c1a1000 DEOPT UNPACKING pc=0x000000000612732f sp=0x000000005d6aa9f0 mode 2
Event: 3.590 Thread 0x000000005c1a1000 Uncommon trap: trap_request=0xffffff4d fr.pc=0x000000000dc17130 relative=0x0000000000000570
Event: 3.590 Thread 0x000000005c1a1000 Uncommon trap: reason=unstable_if action=reinterpret pc=0x000000000dc17130 method=java.util.regex.Pattern$BmpCharProperty.match(Ljava/util/regex/Matcher;ILjava/lang/CharSequence;)Z @ 5 c2
Event: 3.590 Thread 0x000000005c1a1000 DEOPT PACKING pc=0x000000000dc17130 sp=0x000000005d6aa810
Event: 3.590 Thread 0x000000005c1a1000 DEOPT UNPACKING pc=0x000000000612732f sp=0x000000005d6aa7c8 mode 2
Event: 4.298 Thread 0x000000005c1a1000 Uncommon trap: trap_request=0xffffff4d fr.pc=0x000000000dbf1768 relative=0x0000000000000528
Event: 4.298 Thread 0x000000005c1a1000 Uncommon trap: reason=unstable_if action=reinterpret pc=0x000000000dbf1768 method=java.lang.AbstractStringBuilder.append(Ljava/lang/String;)Ljava/lang/AbstractStringBuilder; @ 1 c2
Event: 4.298 Thread 0x000000005c1a1000 DEOPT PACKING pc=0x000000000dbf1768 sp=0x000000005d6ab100
Event: 4.298 Thread 0x000000005c1a1000 DEOPT UNPACKING pc=0x000000000612732f sp=0x000000005d6ab0d8 mode 2
Event: 4.638 Thread 0x000000005c1a1000 DEOPT PACKING pc=0x0000000006717d91 sp=0x000000005d6aac80
Event: 4.638 Thread 0x000000005c1a1000 DEOPT UNPACKING pc=0x000000000612714e sp=0x000000005d6aa0f8 mode 0
Event: 4.754 Thread 0x000000005c1a1000 DEOPT PACKING pc=0x000000000693678e sp=0x000000005d6a9f00
Event: 4.754 Thread 0x000000005c1a1000 DEOPT UNPACKING pc=0x000000000612714e sp=0x000000005d6a9330 mode 0
Event: 5.500 Thread 0x000000005b824800 Uncommon trap: trap_request=0xffffff4d fr.pc=0x000000000dc0aba4 relative=0x00000000000008c4
Event: 5.500 Thread 0x000000005b824800 Uncommon trap: reason=unstable_if action=reinterpret pc=0x000000000dc0aba4 method=java.util.zip.ZipFile$Source.getEntryPos([BZ)I @ 145 c2
Event: 5.500 Thread 0x000000005b824800 DEOPT PACKING pc=0x000000000dc0aba4 sp=0x000000005c13ed60
Event: 5.500 Thread 0x000000005b824800 DEOPT UNPACKING pc=0x000000000612732f sp=0x000000005c13ed08 mode 2

Classes redefined (0 events):
No events

Internal exceptions (20 events):
Event: 1.256 Thread 0x000000005c181000 Exception <a 'java/lang/NoSuchMethodError'{0x00000000d8470df8}: 'java.lang.Object java.lang.invoke.DirectMethodHandle$Holder.invokeSpecial(java.lang.Object, java.lang.Object, int, int, java.lang.Object, int, java.lang.Object, java.lang.Object)'> (0x00000000d8470df8) thrown at [./src/hotspot/share/interpreter/linkResolver.cpp, line 773]
Event: 1.257 Thread 0x000000005c181000 Exception <a 'java/lang/NoSuchMethodError'{0x00000000d8474438}: 'java.lang.Object java.lang.invoke.DelegatingMethodHandle$Holder.reinvoke_L(java.lang.Object, int, int, java.lang.Object, int, java.lang.Object, java.lang.Object)'> (0x00000000d8474438) thrown at [./src/hotspot/share/interpreter/linkResolver.cpp, line 773]
Event: 1.268 Thread 0x000000005c181000 Exception <a 'java/lang/NoSuchMethodError'{0x00000000d84a07c0}: 'java.lang.Object java.lang.invoke.DirectMethodHandle$Holder.invokeStatic(java.lang.Object, java.lang.Object, java.lang.Object, java.lang.Object, java.lang.Object, java.lang.Object, java.lang.Object, java.lang.Object, int)'> (0x00000000d84a07c0) thrown at [./src/hotspot/share/interpreter/linkResolver.cpp, line 773]
Event: 1.275 Thread 0x000000005c181000 Exception <a 'java/lang/NoSuchMethodError'{0x00000000d84bacf8}: 'java.lang.Object java.lang.invoke.DirectMethodHandle$Holder.invokeStatic(java.lang.Object, java.lang.Object, java.lang.Object, java.lang.Object, java.lang.Object, java.lang.Object, java.lang.Object, java.lang.Object, int, int)'> (0x00000000d84bacf8) thrown at [./src/hotspot/share/interpreter/linkResolver.cpp, line 773]
Event: 1.280 Thread 0x000000005c181000 Exception <a 'java/lang/NoSuchMethodError'{0x00000000d84d6250}: 'java.lang.Object java.lang.invoke.DirectMethodHandle$Holder.invokeStatic(java.lang.Object, java.lang.Object, java.lang.Object, java.lang.Object, java.lang.Object, java.lang.Object, java.lang.Object, java.lang.Object, int, int, java.lang.Object)'> (0x00000000d84d6250) thrown at [./src/hotspot/share/interpreter/linkResolver.cpp, line 773]
Event: 1.284 Thread 0x000000005c181000 Exception <a 'java/lang/NoSuchMethodError'{0x00000000d84f2d00}: 'java.lang.Object java.lang.invoke.DirectMethodHandle$Holder.invokeStatic(java.lang.Object, java.lang.Object, java.lang.Object, java.lang.Object, java.lang.Object, java.lang.Object, java.lang.Object, java.lang.Object, int, int, java.lang.Object, java.lang.Object)'> (0x00000000d84f2d00) thrown at [./src/hotspot/share/interpreter/linkResolver.cpp, line 773]
Event: 1.300 Thread 0x000000005c181000 Exception <a 'java/lang/NoSuchMethodError'{0x00000000d832a6b0}: <clinit>> (0x00000000d832a6b0) thrown at [./src/hotspot/share/prims/jni.cpp, line 1362]
Event: 1.307 Thread 0x000000005c2c4800 Exception <a 'java/lang/InterruptedException'{0x00000000d8348410}> (0x00000000d8348410) thrown at [./src/hotspot/share/runtime/objectMonitor.cpp, line 1635]
Event: 1.309 Thread 0x000000005c2c4800 Exception <a 'java/lang/NoSuchMethodError'{0x00000000d8350248}: 'java.lang.Object java.lang.invoke.DirectMethodHandle$Holder.invokeStatic(java.lang.Object, java.lang.Object, int, java.lang.Object, long)'> (0x00000000d8350248) thrown at [./src/hotspot/share/interpreter/linkResolver.cpp, line 773]
Event: 2.253 Thread 0x000000005c1a1000 Exception <a 'java/lang/NoSuchMethodError'{0x00000000d816a2a8}: 'int java.lang.invoke.DirectMethodHandle$Holder.invokeSpecialIFC(java.lang.Object, java.lang.Object, int)'> (0x00000000d816a2a8) thrown at [./src/hotspot/share/interpreter/linkResolver.cpp, line 773]
Event: 2.366 Thread 0x000000005c1a1000 Exception <a 'java/lang/NoSuchMethodError'{0x00000000d80647a8}: 'java.lang.Object java.lang.invoke.DirectMethodHandle$Holder.invokeVirtual(java.lang.Object, java.lang.Object, java.lang.Object)'> (0x00000000d80647a8) thrown at [./src/hotspot/share/interpreter/linkResolver.cpp, line 773]
Event: 2.595 Thread 0x000000005c1a1000 Exception <a 'java/lang/NoSuchMethodError'{0x00000000d893fce8}: 'void java.lang.invoke.DirectMethodHandle$Holder.invokeStaticInit(java.lang.Object, java.lang.Object)'> (0x00000000d893fce8) thrown at [./src/hotspot/share/interpreter/linkResolver.cpp, line 773]
Event: 2.997 Thread 0x000000005c1a1000 Exception <a 'sun/nio/fs/WindowsException'{0x00000000d8898670}> (0x00000000d8898670) thrown at [./src/hotspot/share/prims/jni.cpp, line 615]
Event: 3.018 Thread 0x000000005c1a1000 Exception <a 'java/lang/NoSuchMethodError'{0x00000000d88b9fe0}: 'int java.lang.invoke.DirectMethodHandle$Holder.invokeStaticInit(java.lang.Object, java.lang.Object, java.lang.Object, java.lang.Object)'> (0x00000000d88b9fe0) thrown at [./src/hotspot/share/interpreter/linkResolver.cpp, line 773]
Event: 3.019 Thread 0x000000005c1a1000 Exception <a 'java/lang/IncompatibleClassChangeError'{0x00000000d88c31d8}: Found class java.lang.Object, but interface was expected> (0x00000000d88c31d8) thrown at [./src/hotspot/share/interpreter/linkResolver.cpp, line 839]
Event: 3.021 Thread 0x000000005c1a1000 Exception <a 'java/lang/NoSuchMethodError'{0x00000000d88c88b8}: 'int java.lang.invoke.DirectMethodHandle$Holder.invokeStaticInit(java.lang.Object, java.lang.Object)'> (0x00000000d88c88b8) thrown at [./src/hotspot/share/interpreter/linkResolver.cpp, line 773]
Event: 3.583 Thread 0x000000005c1a1000 Implicit null exception at 0x000000000dbef067 to 0x000000000dbef534
Event: 4.298 Thread 0x000000005c1a1000 Implicit null exception at 0x000000000dbf1264 to 0x000000000dbf1754
Event: 4.834 Thread 0x000000005c1a1000 Exception <a 'java/lang/NoSuchMethodError'{0x00000000d7a6f4a8}: <clinit>> (0x00000000d7a6f4a8) thrown at [./src/hotspot/share/prims/jni.cpp, line 1362]
Event: 4.862 Thread 0x000000005c1a1000 Exception <a 'java/lang/NoSuchMethodError'{0x00000000d7a87e40}: <clinit>> (0x00000000d7a87e40) thrown at [./src/hotspot/share/prims/jni.cpp, line 1362]

Events (20 events):
Event: 21577.293 Executing VM operation: RevokeBias done
Event: 21577.293 Executing VM operation: RevokeBias
Event: 21577.293 Executing VM operation: RevokeBias done
Event: 21577.293 Executing VM operation: RevokeBias
Event: 21577.293 Executing VM operation: RevokeBias done
Event: 21597.294 Executing VM operation: RevokeBias
Event: 21597.294 Executing VM operation: RevokeBias done
Event: 21597.294 Executing VM operation: RevokeBias
Event: 21597.294 Executing VM operation: RevokeBias done
Event: 21597.294 Executing VM operation: RevokeBias
Event: 21597.294 Executing VM operation: RevokeBias done
Event: 21597.294 Executing VM operation: RevokeBias
Event: 21597.294 Executing VM operation: RevokeBias done
Event: 21602.293 Executing VM operation: RevokeBias
Event: 21602.293 Executing VM operation: RevokeBias done
Event: 21602.293 Executing VM operation: RevokeBias
Event: 21602.293 Executing VM operation: RevokeBias done
Event: 21602.293 Executing VM operation: RevokeBias
Event: 21602.293 Executing VM operation: RevokeBias done
Event: 21604.677 Executing VM operation: G1CollectFull


Dynamic libraries:
0x000000013f380000 - 0x000000013f38a000 	C:\Program Files\JetBrains\IntelliJ IDEA 2020.3.1\jbr\bin\java.exe
0x00000000771b0000 - 0x000000007734f000 	C:\Windows\SYSTEM32\ntdll.dll
0x0000000077090000 - 0x00000000771b0000 	C:\Windows\system32\kernel32.dll
0x000007fefcff0000 - 0x000007fefd057000 	C:\Windows\system32\KERNELBASE.dll
0x000007feeb660000 - 0x000007feeb679000 	C:\Program Files\JetBrains\IntelliJ IDEA 2020.3.1\jbr\bin\jli.dll
0x000007fefb170000 - 0x000007fefb365000 	C:\Windows\WinSxS\amd64_microsoft.windows.common-controls_6595b64144ccf1df_6.0.7601.24483_none_e372d88f30fbb845\COMCTL32.dll
0x000007fefd260000 - 0x000007fefd2ff000 	C:\Windows\system32\msvcrt.dll
0x000007feff430000 - 0x000007feff497000 	C:\Windows\system32\GDI32.dll
0x0000000076f90000 - 0x000000007708b000 	C:\Windows\system32\USER32.dll
0x000007fefd250000 - 0x000007fefd25e000 	C:\Windows\system32\LPK.dll
0x000007fefd460000 - 0x000007fefd52b000 	C:\Windows\system32\USP10.dll
0x000007fefeb90000 - 0x000007fefec01000 	C:\Windows\system32\SHLWAPI.dll
0x000007feeb680000 - 0x000007feeb697000 	C:\Program Files\JetBrains\IntelliJ IDEA 2020.3.1\jbr\bin\VCRUNTIME140.dll
0x000007fef9c10000 - 0x000007fef9c14000 	C:\Windows\system32\api-ms-win-crt-runtime-l1-1-0.dll
0x000007fee9300000 - 0x000007fee93f4000 	C:\Windows\system32\ucrtbase.DLL
0x000007fef9c00000 - 0x000007fef9c03000 	C:\Windows\system32\api-ms-win-core-timezone-l1-1-0.dll
0x000007fef9bf0000 - 0x000007fef9bf3000 	C:\Windows\system32\api-ms-win-core-file-l2-1-0.dll
0x000007fef8770000 - 0x000007fef8773000 	C:\Windows\system32\api-ms-win-core-localization-l1-2-0.dll
0x000007fefb830000 - 0x000007fefb833000 	C:\Windows\system32\api-ms-win-core-synch-l1-2-0.dll
0x000007fef9330000 - 0x000007fef9333000 	C:\Windows\system32\api-ms-win-core-processthreads-l1-1-1.dll
0x000007fef8750000 - 0x000007fef8753000 	C:\Windows\system32\api-ms-win-core-file-l1-2-0.dll
0x000007fef8710000 - 0x000007fef8714000 	C:\Windows\system32\api-ms-win-crt-string-l1-1-0.dll
0x000007fef8760000 - 0x000007fef8763000 	C:\Windows\system32\api-ms-win-crt-heap-l1-1-0.dll
0x000007fef8720000 - 0x000007fef8724000 	C:\Windows\system32\api-ms-win-crt-stdio-l1-1-0.dll
0x000007fef86f0000 - 0x000007fef86f4000 	C:\Windows\system32\api-ms-win-crt-convert-l1-1-0.dll
0x000007fef8700000 - 0x000007fef8703000 	C:\Windows\system32\api-ms-win-crt-environment-l1-1-0.dll
0x000007fef8090000 - 0x000007fef8093000 	C:\Windows\system32\api-ms-win-crt-filesystem-l1-1-0.dll
0x000007fef84a0000 - 0x000007fef84a5000 	C:\Windows\system32\api-ms-win-crt-math-l1-1-0.dll
0x000007fef6630000 - 0x000007fef6633000 	C:\Windows\system32\api-ms-win-crt-locale-l1-1-0.dll
0x000007fefd320000 - 0x000007fefd34e000 	C:\Windows\system32\IMM32.DLL
0x000007fefda30000 - 0x000007fefdb3b000 	C:\Windows\system32\MSCTF.dll
0x000007fee98f0000 - 0x000007fee998d000 	C:\Program Files\JetBrains\IntelliJ IDEA 2020.3.1\jbr\bin\msvcp140.dll
0x000007feee510000 - 0x000007feee515000 	C:\Windows\system32\api-ms-win-crt-multibyte-l1-1-0.dll
0x000007fef80a0000 - 0x000007fef80a3000 	C:\Windows\system32\api-ms-win-crt-time-l1-1-0.dll
0x000007fef8420000 - 0x000007fef8423000 	C:\Windows\system32\api-ms-win-crt-utility-l1-1-0.dll
0x000007feda580000 - 0x000007fedb04e000 	C:\Program Files\JetBrains\IntelliJ IDEA 2020.3.1\jbr\bin\server\jvm.dll
0x000007fefe8d0000 - 0x000007fefe9ab000 	C:\Windows\system32\ADVAPI32.dll
0x000007fefd300000 - 0x000007fefd31f000 	C:\Windows\SYSTEM32\sechost.dll
0x000007fefd530000 - 0x000007fefd65c000 	C:\Windows\system32\RPCRT4.dll
0x000007feecb70000 - 0x000007feecb79000 	C:\Windows\system32\WSOCK32.dll
0x000007fefef30000 - 0x000007fefef7d000 	C:\Windows\system32\WS2_32.dll
0x000007fefd3b0000 - 0x000007fefd3b8000 	C:\Windows\system32\NSI.dll
0x000007fefa0f0000 - 0x000007fefa12b000 	C:\Windows\system32\WINMM.dll
0x000007fefbdb0000 - 0x000007fefbdbc000 	C:\Windows\system32\VERSION.dll
0x0000000077360000 - 0x0000000077367000 	C:\Windows\system32\PSAPI.DLL
0x000007fef8050000 - 0x000007fef8061000 	C:\Program Files\JetBrains\IntelliJ IDEA 2020.3.1\jbr\bin\verify.dll
0x000007fefb840000 - 0x000007fefb965000 	C:\Windows\system32\DBGHELP.DLL
0x000007fef8020000 - 0x000007fef8049000 	C:\Program Files\JetBrains\IntelliJ IDEA 2020.3.1\jbr\bin\java.dll
0x000007fef8080000 - 0x000007fef808b000 	C:\Program Files\JetBrains\IntelliJ IDEA 2020.3.1\jbr\bin\jimage.dll
0x000007fef8000000 - 0x000007fef8018000 	C:\Program Files\JetBrains\IntelliJ IDEA 2020.3.1\jbr\bin\zip.dll
0x000007fefdb40000 - 0x000007fefe8cb000 	C:\Windows\system32\SHELL32.dll
0x000007fefec90000 - 0x000007fefee8f000 	C:\Windows\system32\ole32.dll
0x000007fefcd10000 - 0x000007fefcd1f000 	C:\Windows\system32\profapi.dll
0x000007fef6900000 - 0x000007fef691a000 	C:\Program Files\JetBrains\IntelliJ IDEA 2020.3.1\jbr\bin\net.dll
0x000007fef7d40000 - 0x000007fef7db1000 	C:\Windows\system32\WINHTTP.dll
0x000007fef7cd0000 - 0x000007fef7d35000 	C:\Windows\system32\webio.dll
0x000007fefc440000 - 0x000007fefc495000 	C:\Windows\system32\mswsock.dll
0x000007fefc430000 - 0x000007fefc437000 	C:\Windows\System32\wship6.dll
0x000007fef67d0000 - 0x000007fef67e4000 	C:\Program Files\JetBrains\IntelliJ IDEA 2020.3.1\jbr\bin\nio.dll
0x000007fefc4a0000 - 0x000007fefc4b8000 	C:\Windows\system32\CRYPTSP.dll
0x000007fefc190000 - 0x000007fefc1d7000 	C:\Windows\system32\rsaenh.dll
0x000007fefcfc0000 - 0x000007fefcfdf000 	C:\Windows\system32\USERENV.dll
0x000007fefcba0000 - 0x000007fefcbaf000 	C:\Windows\system32\CRYPTBASE.dll
0x000007fef9900000 - 0x000007fef9927000 	C:\Windows\system32\IPHLPAPI.DLL
0x000007fef98e0000 - 0x000007fef98eb000 	C:\Windows\system32\WINNSI.DLL
0x000007fef96f0000 - 0x000007fef9708000 	C:\Windows\system32\dhcpcsvc.DLL
0x000007fef96d0000 - 0x000007fef96e1000 	C:\Windows\system32\dhcpcsvc6.DLL
0x000007feecaa0000 - 0x000007feecaa8000 	C:\Program Files\JetBrains\IntelliJ IDEA 2020.3.1\jbr\bin\rmi.dll
0x000007fefbea0000 - 0x000007fefbea7000 	C:\Windows\System32\wshtcpip.dll
0x000007fefc2c0000 - 0x000007fefc31b000 	C:\Windows\system32\DNSAPI.dll
0x000007fef73d0000 - 0x000007fef73d8000 	C:\Windows\system32\rasadhlp.dll
0x000007fef9770000 - 0x000007fef97c3000 	C:\Windows\System32\fwpuclnt.dll
0x000007feecab0000 - 0x000007feecad8000 	C:\Program Files\JetBrains\IntelliJ IDEA 2020.3.1\jbr\bin\sunec.dll

dbghelp: loaded successfully - version: 4.0.5 - missing functions: none
symbol engine: initialized successfully - sym options: 0x614 - pdb path: .;C:\Program Files\JetBrains\IntelliJ IDEA 2020.3.1\jbr\bin;C:\Windows\SYSTEM32;C:\Windows\WinSxS\amd64_microsoft.windows.common-controls_6595b64144ccf1df_6.0.7601.24483_none_e372d88f30fbb845;C:\Program Files\JetBrains\IntelliJ IDEA 2020.3.1\jbr\bin\server

VM Arguments:
jvm_args: -Djava.rmi.server.hostname=127.0.0.1 -Duser.timezone=UTC -Xmx755m -Xms128m -Dfile.encoding=UTF-8 
java_command: com.intellij.database.remote.RemoteJdbcServer com.mysql.cj.jdbc.Driver
java_class_path (initial): C:\Program Files\JetBrains\IntelliJ IDEA 2020.3.1\lib\util.jar;C:\Program Files\JetBrains\IntelliJ IDEA 2020.3.1\lib\trove4j.jar;C:\Program Files\JetBrains\IntelliJ IDEA 2020.3.1\lib\groovy-2.5.11.jar;C:\Program Files\JetBrains\IntelliJ IDEA 2020.3.1\plugins\DatabaseTools\lib\jdbc-console.jar;C:\Users\Metalolom\AppData\Roaming\JetBrains\IntelliJIdea2020.3\jdbc-drivers\MySQL ConnectorJ\8.0.21\mysql-connector-java-8.0.21.jar
Launcher Type: SUN_STANDARD

[Global flags]
     intx CICompilerCount                          = 3                                         {product} {ergonomic}
     uint ConcGCThreads                            = 1                                         {product} {ergonomic}
     uint G1ConcRefinementThreads                  = 4                                         {product} {ergonomic}
   size_t G1HeapRegionSize                         = 1048576                                   {product} {ergonomic}
    uintx GCDrainStackTargetSize                   = 64                                        {product} {ergonomic}
   size_t InitialHeapSize                          = 134217728                                 {product} {command line}
   size_t MarkStackSize                            = 4194304                                   {product} {ergonomic}
   size_t MaxHeapSize                              = 792723456                                 {product} {command line, ergonomic}
   size_t MaxNewSize                               = 475004928                                 {product} {ergonomic}
   size_t MinHeapDeltaBytes                        = 1048576                                   {product} {ergonomic}
    uintx NonNMethodCodeHeapSize                   = 5830732                                {pd product} {ergonomic}
    uintx NonProfiledCodeHeapSize                  = 122913754                              {pd product} {ergonomic}
    uintx ProfiledCodeHeapSize                     = 122913754                              {pd product} {ergonomic}
    uintx ReservedCodeCacheSize                    = 251658240                              {pd product} {ergonomic}
     bool SegmentedCodeCache                       = true                                      {product} {ergonomic}
     bool UseCompressedClassPointers               = true                                 {lp64_product} {ergonomic}
     bool UseCompressedOops                        = true                                 {lp64_product} {ergonomic}
     bool UseG1GC                                  = true                                      {product} {ergonomic}
     bool UseLargePagesIndividualAllocation        = false                                  {pd product} {ergonomic}

Logging:
Log output configuration:
 #0: stdout all=warning uptime,level,tags
 #1: stderr all=off uptime,level,tags

Environment Variables:
JAVA_HOME=C:\Program Files\Java\jdk1.8.0_251\bin
PATH=C:\Program Files\Java\jdk1.8.0_251\bin;C:\Program Files\Git\cmd;C:\Program Files\MySQL\MySQL Shell 8.0\bin\
USERNAME=Metalolom
OS=Windows_NT
PROCESSOR_IDENTIFIER=Intel64 Family 6 Model 58 Stepping 9, GenuineIntel



---------------  S Y S T E M  ---------------

OS: Windows 7 , 64 bit Build 7601 (6.1.7601.24557)
OS uptime: 3 days 21:09 hours

CPU:total 4 (initial active 4) (2 cores per cpu, 2 threads per core) family 6 model 58 stepping 9, cmov, cx8, fxsr, mmx, sse, sse2, sse3, ssse3, sse4.1, sse4.2, popcnt, avx, clmul, erms, ht, tsc, tscinvbit, tscinv

Memory: 4k page, system-wide physical 6044M (818M free)
TotalPageFile size 8090M (AvailPageFile size 5M)
current process WorkingSet (physical memory assigned to process): 60M, peak: 101M
current process commit charge ("private bytes"): 233M, peak: 236M

vm_info: OpenJDK 64-Bit Server VM (11.0.9.1+11-b1145.63) for windows-amd64 JRE (11.0.9.1+11-b1145.63), built on Dec 21 2020 13:58:54 by "" with MS VC++ 14.0 (VS2015)

END.
